[0.018s] Invoking command in '/userdata/stereo_demo/build/stereo_camera_cpp': CMAKE_PREFIX_PATH=${CMAKE_PREFIX_PATH}:/userdata/try_again/SelfFollowingROS2/install/following_robot:/userdata/try_again/SelfFollowingROS2/install/dlrobot_robot_python:/userdata/ros2_astra_camera/install/astra_depth_reader:/opt/ros/humble /usr/bin/cmake --build /userdata/stereo_demo/build/stereo_camera_cpp -- -j8 -l8
[0.152s] Consolidate compiler generated dependencies of target stereo_camera_cpp_lib
[0.194s] [ 33%] Built target stereo_camera_cpp_lib
[0.231s] Consolidate compiler generated dependencies of target stereo_camera_demo
[0.248s] Consolidate compiler generated dependencies of target stereo_camera_ros2_node
[0.250s] [ 66%] Built target stereo_camera_demo
[0.288s] [ 83%] Building CXX object CMakeFiles/stereo_camera_ros2_node.dir/src/stereo_camera_ros2_node.cpp.o
[6.695s] /userdata/stereo_demo/src/stereo_camera_ros2_node.cpp: In constructor ‘StereoCameraNode::StereoCameraNode()’:
[6.695s] /userdata/stereo_demo/src/stereo_camera_ros2_node.cpp:42:48: error: no matching function for call to ‘image_transport::ImageTransport::ImageTransport(StereoCameraNode*)’
[6.695s]    42 |         image_transport::ImageTransport it(this);
[6.696s]       |                                                ^
[6.696s] In file included from /userdata/stereo_demo/src/stereo_camera_ros2_node.cpp:7:
[6.696s] /opt/ros/humble/include/image_transport/image_transport/image_transport.hpp:111:12: note: candidate: ‘image_transport::ImageTransport::ImageTransport(rclcpp::Node::SharedPtr)’
[6.696s]   111 |   explicit ImageTransport(rclcpp::Node::SharedPtr node);
[6.696s]       |            ^~~~~~~~~~~~~~
[6.696s] /opt/ros/humble/include/image_transport/image_transport/image_transport.hpp:111:51: note:   no known conversion for argument 1 from ‘StereoCameraNode*’ to ‘rclcpp::Node::SharedPtr’ {aka ‘std::shared_ptr<rclcpp::Node>’}
[6.696s]   111 |   explicit ImageTransport(rclcpp::Node::SharedPtr node);
[6.696s]       |                           ~~~~~~~~~~~~~~~~~~~~~~~~^~~~
[9.046s] gmake[2]: *** [CMakeFiles/stereo_camera_ros2_node.dir/build.make:76: CMakeFiles/stereo_camera_ros2_node.dir/src/stereo_camera_ros2_node.cpp.o] Error 1
[9.047s] gmake[1]: *** [CMakeFiles/Makefile2:193: CMakeFiles/stereo_camera_ros2_node.dir/all] Error 2
[9.047s] gmake: *** [Makefile:146: all] Error 2
[9.054s] Invoked command in '/userdata/stereo_demo/build/stereo_camera_cpp' returned '2': CMAKE_PREFIX_PATH=${CMAKE_PREFIX_PATH}:/userdata/try_again/SelfFollowingROS2/install/following_robot:/userdata/try_again/SelfFollowingROS2/install/dlrobot_robot_python:/userdata/ros2_astra_camera/install/astra_depth_reader:/opt/ros/humble /usr/bin/cmake --build /userdata/stereo_demo/build/stereo_camera_cpp -- -j8 -l8
