[0.026s] Invoking command in '/userdata/stereo_demo/build/stereo_camera_cpp': CMAKE_PREFIX_PATH=${CMAKE_PREFIX_PATH}:/userdata/try_again/SelfFollowingROS2/install/following_robot:/userdata/try_again/SelfFollowingROS2/install/dlrobot_robot_python:/userdata/ros2_astra_camera/install/astra_depth_reader:/opt/ros/humble /usr/bin/cmake --build /userdata/stereo_demo/build/stereo_camera_cpp -- -j8 -l8
[0.175s] Consolidate compiler generated dependencies of target stereo_camera_cpp_lib
[0.214s] [ 16%] Building CXX object CMakeFiles/stereo_camera_cpp_lib.dir/src/stereo_camera.cpp.o
[2.618s] /userdata/stereo_demo/src/stereo_camera.cpp: In static member function ‘static bool stereo_vision::StereoCamera::test_camera_device(int)’:
[2.618s] /userdata/stereo_demo/src/stereo_camera.cpp:399:37: error: ‘cv::utils::logging’ has not been declared
[2.619s]   399 |         int prev_level = cv::utils::logging::getLogLevel();
[2.619s]       |                                     ^~~~~~~
[2.620s] /userdata/stereo_demo/src/stereo_camera.cpp:400:20: error: ‘cv::utils::logging’ has not been declared
[2.620s]   400 |         cv::utils::logging::setLogLevel(cv::utils::logging::LOG_LEVEL_ERROR);
[2.620s]       |                    ^~~~~~~
[2.621s] /userdata/stereo_demo/src/stereo_camera.cpp:400:52: error: ‘cv::utils::logging’ has not been declared
[2.621s]   400 |         cv::utils::logging::setLogLevel(cv::utils::logging::LOG_LEVEL_ERROR);
[2.621s]       |                                                    ^~~~~~~
[2.622s] /userdata/stereo_demo/src/stereo_camera.cpp:409:20: error: ‘cv::utils::logging’ has not been declared
[2.622s]   409 |         cv::utils::logging::setLogLevel(prev_level);
[2.622s]       |                    ^~~~~~~
[3.751s] gmake[2]: *** [CMakeFiles/stereo_camera_cpp_lib.dir/build.make:76: CMakeFiles/stereo_camera_cpp_lib.dir/src/stereo_camera.cpp.o] Error 1
[3.752s] gmake[1]: *** [CMakeFiles/Makefile2:141: CMakeFiles/stereo_camera_cpp_lib.dir/all] Error 2
[3.753s] gmake: *** [Makefile:146: all] Error 2
[3.756s] Invoked command in '/userdata/stereo_demo/build/stereo_camera_cpp' returned '2': CMAKE_PREFIX_PATH=${CMAKE_PREFIX_PATH}:/userdata/try_again/SelfFollowingROS2/install/following_robot:/userdata/try_again/SelfFollowingROS2/install/dlrobot_robot_python:/userdata/ros2_astra_camera/install/astra_depth_reader:/opt/ros/humble /usr/bin/cmake --build /userdata/stereo_demo/build/stereo_camera_cpp -- -j8 -l8
